0 info it worked if it ends with ok
1 verbose cli [ '/usr/local/bin/node', '/usr/local/bin/npm', 'run', 'build' ]
2 info using npm@3.8.9
3 info using node@v6.2.0
4 verbose run-script [ 'prebuild', 'build', 'postbuild' ]
5 info lifecycle police-contracts-viz@0.1.0~prebuild: police-contracts-viz@0.1.0
6 silly lifecycle police-contracts-viz@0.1.0~prebuild: no script for prebuild, continuing
7 info lifecycle police-contracts-viz@0.1.0~build: police-contracts-viz@0.1.0
8 verbose lifecycle police-contracts-viz@0.1.0~build: unsafe-perm in lifecycle true
9 verbose lifecycle police-contracts-viz@0.1.0~build: PATH: /usr/local/lib/node_modules/npm/bin/node-gyp-bin:/Users/Korlegono/Projects/police-contracts-viz/node_modules/.bin:/usr/local/bin:/Users/Korlegono/Code/bin:/Library/Frameworks/Python.framework/Versions/3.5/bin:/Users/Korlegono/.rbenv/shims:/Users/Korlegono/anaconda/bin:/usr/local/Cellar/git/2.5.1/bin:/Users/Korlegono/.rbenv/shims::/usr/local/bin:/usr/bin:/bin:/usr/sbin:/sbin:/Applications/clojure:/usr/local/go/bin
10 verbose lifecycle police-contracts-viz@0.1.0~build: CWD: /Users/Korlegono/Projects/police-contracts-viz
11 silly lifecycle police-contracts-viz@0.1.0~build: Args: [ '-c', 'grunt' ]
12 silly lifecycle police-contracts-viz@0.1.0~build: Returned: code: 3  signal: null
13 info lifecycle police-contracts-viz@0.1.0~build: Failed to exec build script
14 verbose stack Error: police-contracts-viz@0.1.0 build: `grunt`
14 verbose stack Exit status 3
14 verbose stack     at EventEmitter.<anonymous> (/usr/local/lib/node_modules/npm/lib/utils/lifecycle.js:245:16)
14 verbose stack     at emitTwo (events.js:106:13)
14 verbose stack     at EventEmitter.emit (events.js:191:7)
14 verbose stack     at ChildProcess.<anonymous> (/usr/local/lib/node_modules/npm/lib/utils/spawn.js:24:14)
14 verbose stack     at emitTwo (events.js:106:13)
14 verbose stack     at ChildProcess.emit (events.js:191:7)
14 verbose stack     at maybeClose (internal/child_process.js:850:16)
14 verbose stack     at Process.ChildProcess._handle.onexit (internal/child_process.js:215:5)
15 verbose pkgid police-contracts-viz@0.1.0
16 verbose cwd /Users/Korlegono/Projects/police-contracts-viz
17 error Darwin 15.5.0
18 error argv "/usr/local/bin/node" "/usr/local/bin/npm" "run" "build"
19 error node v6.2.0
20 error npm  v3.8.9
21 error code ELIFECYCLE
22 error police-contracts-viz@0.1.0 build: `grunt`
22 error Exit status 3
23 error Failed at the police-contracts-viz@0.1.0 build script 'grunt'.
23 error Make sure you have the latest version of node.js and npm installed.
23 error If you do, this is most likely a problem with the police-contracts-viz package,
23 error not with npm itself.
23 error Tell the author that this fails on your system:
23 error     grunt
23 error You can get information on how to open an issue for this project with:
23 error     npm bugs police-contracts-viz
23 error Or if that isn't available, you can get their info via:
23 error     npm owner ls police-contracts-viz
23 error There is likely additional logging output above.
24 verbose exit [ 1, true ]
